2020-06-23T06:11:31+00:00 NOTICE mailchimp-woocommerce-sync.started :: Starting Sync :: Tue, Jun 23, 2020 6:11 AM
2020-06-23T06:11:32+00:00 NOTICE action_scheduler.queue_job :: MailChimp_WooCommerce_Process_Coupons queued :: page 1
2020-06-23T06:12:08+00:00 NOTICE coupon_sync.completed :: Done with the coupon queueing.
2020-06-23T06:12:08+00:00 NOTICE sync.full_sync_manager.queue :: Starting PRODUCTS queueing.
2020-06-23T06:12:08+00:00 NOTICE action_scheduler.queue_job :: MailChimp_WooCommerce_Process_Products queued :: page 1
2020-06-23T06:12:08+00:00 NOTICE action_scheduler.queue_job :: MailChimp_WooCommerce_Process_Products queued :: page 2
2020-06-23T06:12:08+00:00 NOTICE action_scheduler.queue_job :: MailChimp_WooCommerce_Single_Product queued :: obj_id 13
2020-06-23T06:12:08+00:00 NOTICE action_scheduler.queue_job :: MailChimp_WooCommerce_Single_Product queued :: obj_id 16
2020-06-23T06:12:08+00:00 NOTICE action_scheduler.queue_job :: MailChimp_WooCommerce_Single_Product queued :: obj_id 20
2020-06-23T06:12:08+00:00 NOTICE action_scheduler.queue_job :: MailChimp_WooCommerce_Single_Product queued :: obj_id 23
2020-06-23T06:12:08+00:00 NOTICE action_scheduler.queue_job :: MailChimp_WooCommerce_Single_Product queued :: obj_id 24
2020-06-23T06:12:08+00:00 NOTICE action_scheduler.queue_job :: MailChimp_WooCommerce_Single_Product queued :: obj_id 25
2020-06-23T06:12:08+00:00 NOTICE action_scheduler.queue_job :: MailChimp_WooCommerce_Single_Product queued :: obj_id 26
2020-06-23T06:12:08+00:00 NOTICE action_scheduler.queue_job :: MailChimp_WooCommerce_Single_Product queued :: obj_id 27
2020-06-23T06:12:08+00:00 NOTICE action_scheduler.queue_job :: MailChimp_WooCommerce_Single_Product queued :: obj_id 28
2020-06-23T06:12:08+00:00 NOTICE action_scheduler.queue_job :: MailChimp_WooCommerce_Single_Product queued :: obj_id 29
2020-06-23T06:12:08+00:00 NOTICE action_scheduler.queue_job :: MailChimp_WooCommerce_Single_Product queued :: obj_id 30
2020-06-23T06:12:08+00:00 NOTICE action_scheduler.queue_job :: MailChimp_WooCommerce_Single_Product queued :: obj_id 31
2020-06-23T06:12:08+00:00 NOTICE action_scheduler.queue_job :: MailChimp_WooCommerce_Single_Product queued :: obj_id 32
2020-06-23T06:12:08+00:00 NOTICE action_scheduler.queue_job :: MailChimp_WooCommerce_Single_Product queued :: obj_id 33
2020-06-23T06:12:08+00:00 NOTICE action_scheduler.queue_job :: MailChimp_WooCommerce_Single_Product queued :: obj_id 34
2020-06-23T06:12:08+00:00 NOTICE action_scheduler.queue_job :: MailChimp_WooCommerce_Single_Product queued :: obj_id 35
2020-06-23T06:12:08+00:00 NOTICE action_scheduler.queue_job :: MailChimp_WooCommerce_Single_Product queued :: obj_id 36
2020-06-23T06:12:08+00:00 NOTICE action_scheduler.queue_job :: MailChimp_WooCommerce_Single_Product queued :: obj_id 37
2020-06-23T06:12:08+00:00 NOTICE action_scheduler.queue_job :: MailChimp_WooCommerce_Single_Product queued :: obj_id 38
2020-06-23T06:12:08+00:00 NOTICE action_scheduler.queue_job :: MailChimp_WooCommerce_Single_Product queued :: obj_id 43
2020-06-23T06:12:08+00:00 NOTICE action_scheduler.queue_job :: MailChimp_WooCommerce_Single_Product queued :: obj_id 46
2020-06-23T06:12:08+00:00 NOTICE action_scheduler.queue_job :: MailChimp_WooCommerce_Single_Product queued :: obj_id 55
2020-06-23T06:12:08+00:00 NOTICE action_scheduler.queue_job :: MailChimp_WooCommerce_Single_Product queued :: obj_id 58
2020-06-23T06:12:08+00:00 NOTICE action_scheduler.queue_job :: MailChimp_WooCommerce_Single_Product queued :: obj_id 61
2020-06-23T06:12:08+00:00 NOTICE action_scheduler.queue_job :: MailChimp_WooCommerce_Single_Product queued :: obj_id 64
2020-06-23T06:12:08+00:00 NOTICE action_scheduler.queue_job :: MailChimp_WooCommerce_Single_Product queued :: obj_id 67
2020-06-23T06:12:08+00:00 NOTICE action_scheduler.queue_job :: MailChimp_WooCommerce_Single_Product queued :: obj_id 76
2020-06-23T06:12:10+00:00 NOTICE product_sync.completed :: Done with the product queuing
2020-06-23T06:12:13+00:00 NOTICE product_submit.success :: addStoreProduct :: #13
2020-06-23T06:12:14+00:00 NOTICE product_submit.success :: addStoreProduct :: #16
2020-06-23T06:12:16+00:00 NOTICE product_submit.success :: addStoreProduct :: #20
2020-06-23T06:12:18+00:00 NOTICE product_submit.success :: addStoreProduct :: #23
2020-06-23T06:12:19+00:00 NOTICE product_submit.success :: addStoreProduct :: #24
2020-06-23T06:12:20+00:00 NOTICE product_submit.success :: addStoreProduct :: #25
2020-06-23T06:12:21+00:00 NOTICE product_submit.success :: addStoreProduct :: #26
2020-06-23T06:12:23+00:00 NOTICE product_submit.success :: addStoreProduct :: #27
2020-06-23T06:12:24+00:00 NOTICE product_submit.success :: addStoreProduct :: #28
2020-06-23T06:12:25+00:00 NOTICE product_submit.success :: addStoreProduct :: #29
2020-06-23T06:12:26+00:00 NOTICE product_submit.success :: addStoreProduct :: #30
2020-06-23T06:12:27+00:00 NOTICE product_submit.success :: addStoreProduct :: #31
2020-06-23T06:12:28+00:00 NOTICE product_submit.success :: addStoreProduct :: #32
2020-06-23T06:12:30+00:00 NOTICE product_submit.success :: addStoreProduct :: #33
2020-06-23T06:12:31+00:00 NOTICE product_submit.success :: addStoreProduct :: #34
2020-06-23T06:13:07+00:00 NOTICE product_submit.success :: addStoreProduct :: #35
2020-06-23T06:13:08+00:00 NOTICE product_submit.success :: addStoreProduct :: #36
2020-06-23T06:13:10+00:00 NOTICE product_submit.success :: addStoreProduct :: #37
2020-06-23T06:13:11+00:00 NOTICE product_submit.success :: addStoreProduct :: #38
2020-06-23T06:13:12+00:00 NOTICE product_submit.success :: addStoreProduct :: #43
2020-06-23T06:13:13+00:00 NOTICE product_submit.success :: addStoreProduct :: #46
2020-06-23T06:13:14+00:00 NOTICE product_submit.success :: addStoreProduct :: #55
2020-06-23T06:13:15+00:00 NOTICE product_submit.success :: addStoreProduct :: #58
2020-06-23T06:13:16+00:00 NOTICE product_submit.success :: addStoreProduct :: #61
2020-06-23T06:13:18+00:00 NOTICE product_submit.success :: addStoreProduct :: #64
2020-06-23T06:13:19+00:00 NOTICE product_submit.success :: addStoreProduct :: #67
2020-06-23T06:13:20+00:00 NOTICE product_submit.success :: addStoreProduct :: #76
2020-06-23T06:13:20+00:00 NOTICE action_scheduler.queue_job :: MailChimp_WooCommerce_Process_Orders queued :: page 1
2020-06-23T06:13:20+00:00 NOTICE action_scheduler.queue_job :: MailChimp_WooCommerce_Process_Orders queued :: page 2
2020-06-23T06:13:20+00:00 NOTICE action_scheduler.queue_job :: MailChimp_WooCommerce_Single_Order queued :: obj_id 121
2020-06-23T06:13:20+00:00 NOTICE action_scheduler.queue_job :: MailChimp_WooCommerce_Single_Order queued :: obj_id 122
2020-06-23T06:13:22+00:00 NOTICE order_sync.completed :: Done with the order queueing.
2020-06-23T06:13:27+00:00 ERROR order_submit.error :: addStoreOrder :: #121 :: Error Code 400 :: <p>order_url: That is not a valid URL: http://localhost/wordpress_toko_online/my-account__trashed/view-order/121/</p> on 1831 in /Applications/MAMP/htdocs/wordpress_toko_online/wp-content/plugins/mailchimp-for-woocommerce/includes/api/class-mailchimp-api.php
2020-06-23T06:13:30+00:00 ERROR order_submit.error :: addStoreOrder :: #122 :: Error Code 400 :: <p>order_url: That is not a valid URL: http://localhost/wordpress_toko_online/my-account__trashed/view-order/122/</p> on 1831 in /Applications/MAMP/htdocs/wordpress_toko_online/wp-content/plugins/mailchimp-for-woocommerce/includes/api/class-mailchimp-api.php
2020-06-23T06:13:42+00:00 NOTICE sync.completed :: Finished Sync :: Tue, Jun 23, 2020 6:13 AM (total time: 00:02:11)
2020-06-23T06:14:37+00:00 NOTICE action_scheduler.queue_job :: MailChimp_WooCommerce_Single_Order starts in 90 seconds :: obj_id 123
2020-06-23T06:14:41+00:00 NOTICE debug :: Order ID 123 was pending and is now processing :: Array
(
    [new_order] => 1
    [tracking] => Array
        (
            [campaign_id] => 
            [landing_site] => http://localhost/wordpress_toko_online/wordpress_toko_online/wp-admin/admin-ajax.php
        )

)

2020-06-23T06:16:16+00:00 ERROR order_submit.error :: addStoreOrder :: #123 :: Error Code 400 :: <p>order_url: That is not a valid URL: http://localhost/wordpress_toko_online/my-account__trashed/view-order/123/</p> on 1831 in /Applications/MAMP/htdocs/wordpress_toko_online/wp-content/plugins/mailchimp-for-woocommerce/includes/api/class-mailchimp-api.php
2020-06-23T06:17:47+00:00 NOTICE mailchimp-woocommerce-sync.started :: Starting Sync :: Tue, Jun 23, 2020 6:17 AM
2020-06-23T06:17:49+00:00 NOTICE action_scheduler.queue_job :: MailChimp_WooCommerce_Process_Coupons queued :: page 1
2020-06-23T06:18:09+00:00 NOTICE coupon_sync.completed :: Done with the coupon queueing.
2020-06-23T06:18:09+00:00 NOTICE sync.full_sync_manager.queue :: Starting PRODUCTS queueing.
2020-06-23T06:18:09+00:00 NOTICE action_scheduler.queue_job :: MailChimp_WooCommerce_Process_Products queued :: page 1
2020-06-23T06:18:09+00:00 NOTICE action_scheduler.queue_job :: MailChimp_WooCommerce_Process_Products queued :: page 2
2020-06-23T06:18:09+00:00 NOTICE action_scheduler.queue_job :: MailChimp_WooCommerce_Single_Product queued :: obj_id 13
2020-06-23T06:18:09+00:00 NOTICE action_scheduler.queue_job :: MailChimp_WooCommerce_Single_Product queued :: obj_id 16
2020-06-23T06:18:09+00:00 NOTICE action_scheduler.queue_job :: MailChimp_WooCommerce_Single_Product queued :: obj_id 20
2020-06-23T06:18:09+00:00 NOTICE action_scheduler.queue_job :: MailChimp_WooCommerce_Single_Product queued :: obj_id 23
2020-06-23T06:18:09+00:00 NOTICE action_scheduler.queue_job :: MailChimp_WooCommerce_Single_Product queued :: obj_id 24
2020-06-23T06:18:09+00:00 NOTICE action_scheduler.queue_job :: MailChimp_WooCommerce_Single_Product queued :: obj_id 25
2020-06-23T06:18:09+00:00 NOTICE action_scheduler.queue_job :: MailChimp_WooCommerce_Single_Product queued :: obj_id 26
2020-06-23T06:18:09+00:00 NOTICE action_scheduler.queue_job :: MailChimp_WooCommerce_Single_Product queued :: obj_id 27
2020-06-23T06:18:10+00:00 NOTICE action_scheduler.queue_job :: MailChimp_WooCommerce_Single_Product queued :: obj_id 28
2020-06-23T06:18:10+00:00 NOTICE action_scheduler.queue_job :: MailChimp_WooCommerce_Single_Product queued :: obj_id 29
2020-06-23T06:18:10+00:00 NOTICE action_scheduler.queue_job :: MailChimp_WooCommerce_Single_Product queued :: obj_id 30
2020-06-23T06:18:10+00:00 NOTICE action_scheduler.queue_job :: MailChimp_WooCommerce_Single_Product queued :: obj_id 31
2020-06-23T06:18:10+00:00 NOTICE action_scheduler.queue_job :: MailChimp_WooCommerce_Single_Product queued :: obj_id 32
2020-06-23T06:18:10+00:00 NOTICE action_scheduler.queue_job :: MailChimp_WooCommerce_Single_Product queued :: obj_id 33
2020-06-23T06:18:10+00:00 NOTICE action_scheduler.queue_job :: MailChimp_WooCommerce_Single_Product queued :: obj_id 34
2020-06-23T06:18:10+00:00 NOTICE action_scheduler.queue_job :: MailChimp_WooCommerce_Single_Product queued :: obj_id 35
2020-06-23T06:18:10+00:00 NOTICE action_scheduler.queue_job :: MailChimp_WooCommerce_Single_Product queued :: obj_id 36
2020-06-23T06:18:10+00:00 NOTICE action_scheduler.queue_job :: MailChimp_WooCommerce_Single_Product queued :: obj_id 37
2020-06-23T06:18:10+00:00 NOTICE action_scheduler.queue_job :: MailChimp_WooCommerce_Single_Product queued :: obj_id 38
2020-06-23T06:18:10+00:00 NOTICE action_scheduler.queue_job :: MailChimp_WooCommerce_Single_Product queued :: obj_id 43
2020-06-23T06:18:10+00:00 NOTICE action_scheduler.queue_job :: MailChimp_WooCommerce_Single_Product queued :: obj_id 46
2020-06-23T06:18:10+00:00 NOTICE action_scheduler.queue_job :: MailChimp_WooCommerce_Single_Product queued :: obj_id 55
2020-06-23T06:18:10+00:00 NOTICE action_scheduler.queue_job :: MailChimp_WooCommerce_Single_Product queued :: obj_id 58
2020-06-23T06:18:10+00:00 NOTICE action_scheduler.queue_job :: MailChimp_WooCommerce_Single_Product queued :: obj_id 61
2020-06-23T06:18:10+00:00 NOTICE action_scheduler.queue_job :: MailChimp_WooCommerce_Single_Product queued :: obj_id 64
2020-06-23T06:18:10+00:00 NOTICE action_scheduler.queue_job :: MailChimp_WooCommerce_Single_Product queued :: obj_id 67
2020-06-23T06:18:10+00:00 NOTICE action_scheduler.queue_job :: MailChimp_WooCommerce_Single_Product queued :: obj_id 76
2020-06-23T06:18:12+00:00 NOTICE product_sync.completed :: Done with the product queuing
2020-06-23T06:18:13+00:00 NOTICE product_submit.success :: updateStoreProduct :: #13
2020-06-23T06:18:15+00:00 NOTICE product_submit.success :: updateStoreProduct :: #16
2020-06-23T06:18:17+00:00 NOTICE product_submit.success :: updateStoreProduct :: #20
2020-06-23T06:18:18+00:00 NOTICE product_submit.success :: updateStoreProduct :: #23
2020-06-23T06:18:20+00:00 NOTICE product_submit.success :: updateStoreProduct :: #24
2020-06-23T06:18:21+00:00 NOTICE product_submit.success :: updateStoreProduct :: #25
2020-06-23T06:18:22+00:00 NOTICE product_submit.success :: updateStoreProduct :: #26
2020-06-23T06:18:23+00:00 NOTICE product_submit.success :: updateStoreProduct :: #27
2020-06-23T06:18:25+00:00 NOTICE product_submit.success :: updateStoreProduct :: #28
2020-06-23T06:18:26+00:00 NOTICE product_submit.success :: updateStoreProduct :: #29
2020-06-23T06:18:27+00:00 NOTICE product_submit.success :: updateStoreProduct :: #30
2020-06-23T06:18:28+00:00 NOTICE product_submit.success :: updateStoreProduct :: #31
2020-06-23T06:18:29+00:00 NOTICE product_submit.success :: updateStoreProduct :: #32
2020-06-23T06:18:38+00:00 NOTICE product_submit.success :: updateStoreProduct :: #33
2020-06-23T06:18:39+00:00 NOTICE product_submit.success :: updateStoreProduct :: #34
2020-06-23T06:18:40+00:00 NOTICE product_submit.success :: updateStoreProduct :: #35
2020-06-23T06:18:41+00:00 NOTICE product_submit.success :: updateStoreProduct :: #36
2020-06-23T06:18:42+00:00 NOTICE product_submit.success :: updateStoreProduct :: #37
2020-06-23T06:18:43+00:00 NOTICE product_submit.success :: updateStoreProduct :: #38
2020-06-23T06:18:44+00:00 NOTICE product_submit.success :: updateStoreProduct :: #43
2020-06-23T06:18:45+00:00 NOTICE product_submit.success :: updateStoreProduct :: #46
2020-06-23T06:18:46+00:00 NOTICE product_submit.success :: updateStoreProduct :: #55
2020-06-23T06:18:47+00:00 NOTICE product_submit.success :: updateStoreProduct :: #58
2020-06-23T06:18:48+00:00 NOTICE product_submit.success :: updateStoreProduct :: #61
2020-06-23T06:18:49+00:00 NOTICE product_submit.success :: updateStoreProduct :: #64
2020-06-23T06:18:50+00:00 NOTICE product_submit.success :: updateStoreProduct :: #67
2020-06-23T06:18:51+00:00 NOTICE product_submit.success :: updateStoreProduct :: #76
2020-06-23T06:18:51+00:00 NOTICE action_scheduler.queue_job :: MailChimp_WooCommerce_Process_Orders queued :: page 1
2020-06-23T06:18:51+00:00 NOTICE action_scheduler.queue_job :: MailChimp_WooCommerce_Process_Orders queued :: page 2
2020-06-23T06:18:51+00:00 NOTICE action_scheduler.queue_job :: MailChimp_WooCommerce_Single_Order queued :: obj_id 121
2020-06-23T06:18:51+00:00 NOTICE action_scheduler.queue_job :: MailChimp_WooCommerce_Single_Order queued :: obj_id 122
2020-06-23T06:18:53+00:00 NOTICE order_sync.completed :: Done with the order queueing.
2020-06-23T06:18:57+00:00 ERROR order_submit.error :: addStoreOrder :: #121 :: Error Code 400 :: <p>order_url: That is not a valid URL: http://localhost/wordpress_toko_online/my-account__trashed/view-order/121/</p> on 1831 in /Applications/MAMP/htdocs/wordpress_toko_online/wp-content/plugins/mailchimp-for-woocommerce/includes/api/class-mailchimp-api.php
2020-06-23T06:19:01+00:00 ERROR order_submit.error :: addStoreOrder :: #122 :: Error Code 400 :: <p>order_url: That is not a valid URL: http://localhost/wordpress_toko_online/my-account__trashed/view-order/122/</p> on 1831 in /Applications/MAMP/htdocs/wordpress_toko_online/wp-content/plugins/mailchimp-for-woocommerce/includes/api/class-mailchimp-api.php
2020-06-23T06:19:13+00:00 NOTICE sync.completed :: Finished Sync :: Tue, Jun 23, 2020 6:19 AM (total time: 00:01:26)
